<?xml version="1.0" encoding="UTF-8" ?>
<testsuite tests="3" failures="0" name="com.jvalkucak.bsc.PaymentReaderTest" time="0.058" errors="0" skipped="0">
  <properties>
[...]
</properties>
  <testcase classname="com.jvalkucak.bsc.PaymentReaderTest" name="testNumberOfCurrencies" time="0.008"/>
  <testcase classname="com.jvalkucak.bsc.PaymentReaderTest" name="testTotalAmounts" time="0.049"/>
  <testcase classname="com.jvalkucak.bsc.PaymentReaderTest" name="testNumberOfPayments" time="0.001"/>
</testsuite>